# JRE version: OpenJDK Runtime Environment (17.0.10) (build 17.0.10+0--11609105)
# Java VM: OpenJDK 64-Bit Server VM (17.0.10+0--11609105, mixed mode, tiered, compressed oops, compressed class ptrs, g1 gc, windows-amd64)
GC Precious Log:
 CPUs: 16 total, 16 available
 Memory: 15790M
 Large Page Support: Disabled
 NUMA Support: Disabled
 Compressed Oops: Enabled (32-bit)
 Heap Region Size: 1M
 Heap Min Capacity: 8M
 Heap Initial Capacity: 248M
 Heap Max Capacity: 2G
 Pre-touch: Disabled
 Parallel Workers: 13
 Concurrent Workers: 3
 Concurrent Refinement Workers: 13
 Periodic GC: Disabled
Heap:
 garbage-first heap   total 97280K, used 36020K [0x0000000080000000, 0x0000000100000000)
  region size 1024K, 8 young (8192K), 6 survivors (6144K)
 Metaspace       used 53255K, committed 53760K, reserved 1114112K
  class space    used 7271K, committed 7488K, reserved 1048576K
GC Heap History (20 events):
Event: 1.203 GC heap before
{Heap before GC invocations=1 (full 0):
 garbage-first heap   total 253952K, used 39524K [0x0000000080000000, 0x0000000100000000)
  region size 1024K, 31 young (31744K), 3 survivors (3072K)
 Metaspace       used 11576K, committed 11712K, reserved 1114112K
  class space    used 1201K, committed 1280K, reserved 1048576K
}
Event: 1.206 GC heap after
{Heap after GC invocations=2 (full 0):
 garbage-first heap   total 253952K, used 11347K [0x0000000080000000, 0x0000000100000000)
  region size 1024K, 1 young (1024K), 1 survivors (1024K)
 Metaspace       used 11576K, committed 11712K, reserved 1114112K
  class space    used 1201K, committed 1280K, reserved 1048576K
}
Event: 2.465 GC heap before
{Heap before GC invocations=2 (full 0):
 garbage-first heap   total 253952K, used 59475K [0x0000000080000000, 0x0000000100000000)
  region size 1024K, 48 young (49152K), 1 survivors (1024K)
 Metaspace       used 21306K, committed 21504K, reserved 1114112K
  class space    used 2518K, committed 2624K, reserved 1048576K
}
Event: 2.471 GC heap after
{Heap after GC invocations=3 (full 0):
 garbage-first heap   total 253952K, used 19189K [0x0000000080000000, 0x0000000100000000)
  region size 1024K, 9 young (9216K), 9 survivors (9216K)
 Metaspace       used 21306K, committed 21504K, reserved 1114112K
  class space    used 2518K, committed 2624K, reserved 1048576K
}
Event: 3.120 GC heap before
{Heap before GC invocations=4 (full 0):
 garbage-first heap   total 71680K, used 52981K [0x0000000080000000, 0x0000000100000000)
  region size 1024K, 42 young (43008K), 9 survivors (9216K)
 Metaspace       used 26350K, committed 26624K, reserved 1114112K
  class space    used 3377K, committed 3520K, reserved 1048576K
}
Event: 3.126 GC heap after
{Heap after GC invocations=5 (full 0):
 garbage-first heap   total 71680K, used 20939K [0x0000000080000000, 0x0000000100000000)
  region size 1024K, 2 young (2048K), 2 survivors (2048K)
 Metaspace       used 26350K, committed 26624K, reserved 1114112K
  class space    used 3377K, committed 3520K, reserved 1048576K
}
Event: 3.834 GC heap before
{Heap before GC invocations=5 (full 0):
 garbage-first heap   total 71680K, used 50635K [0x0000000080000000, 0x0000000100000000)
  region size 1024K, 31 young (31744K), 2 survivors (2048K)
 Metaspace       used 30478K, committed 30784K, reserved 1114112K
  class space    used 4038K, committed 4160K, reserved 1048576K
}
Event: 3.837 GC heap after
{Heap after GC invocations=6 (full 0):
 garbage-first heap   total 71680K, used 22686K [0x0000000080000000, 0x0000000100000000)
  region size 1024K, 4 young (4096K), 4 survivors (4096K)
 Metaspace       used 30478K, committed 30784K, reserved 1114112K
  class space    used 4038K, committed 4160K, reserved 1048576K
}
Event: 4.385 GC heap before
{Heap before GC invocations=6 (full 0):
 garbage-first heap   total 71680K, used 50334K [0x0000000080000000, 0x0000000100000000)
  region size 1024K, 32 young (32768K), 4 survivors (4096K)
 Metaspace       used 33948K, committed 34240K, reserved 1114112K
  class space    used 4611K, committed 4736K, reserved 1048576K
}
Event: 4.393 GC heap after
{Heap after GC invocations=7 (full 0):
 garbage-first heap   total 71680K, used 23719K [0x0000000080000000, 0x0000000100000000)
  region size 1024K, 4 young (4096K), 4 survivors (4096K)
 Metaspace       used 33948K, committed 34240K, reserved 1114112K
  class space    used 4611K, committed 4736K, reserved 1048576K
}
Event: 4.619 GC heap before
{Heap before GC invocations=7 (full 0):
 garbage-first heap   total 71680K, used 32935K [0x0000000080000000, 0x0000000100000000)
  region size 1024K, 15 young (15360K), 4 survivors (4096K)
 Metaspace       used 35761K, committed 36096K, reserved 1114112K
  class space    used 4853K, committed 5056K, reserved 1048576K
}
Event: 4.622 GC heap after
{Heap after GC invocations=8 (full 0):
 garbage-first heap   total 71680K, used 24288K [0x0000000080000000, 0x0000000100000000)
  region size 1024K, 2 young (2048K), 2 survivors (2048K)
 Metaspace       used 35761K, committed 36096K, reserved 1114112K
  class space    used 4853K, committed 5056K, reserved 1048576K
}
Event: 5.159 GC heap before
{Heap before GC invocations=9 (full 0):
 garbage-first heap   total 71680K, used 53984K [0x0000000080000000, 0x0000000100000000)
  region size 1024K, 32 young (32768K), 2 survivors (2048K)
 Metaspace       used 41195K, committed 41536K, reserved 1114112K
  class space    used 5424K, committed 5568K, reserved 1048576K
}
Event: 5.166 GC heap after
{Heap after GC invocations=10 (full 0):
 garbage-first heap   total 71680K, used 27960K [0x0000000080000000, 0x0000000100000000)
  region size 1024K, 4 young (4096K), 4 survivors (4096K)
 Metaspace       used 41195K, committed 41536K, reserved 1114112K
  class space    used 5424K, committed 5568K, reserved 1048576K
}
Event: 5.497 GC heap before
{Heap before GC invocations=10 (full 0):
 garbage-first heap   total 71680K, used 53560K [0x0000000080000000, 0x0000000100000000)
  region size 1024K, 30 young (30720K), 4 survivors (4096K)
 Metaspace       used 42187K, committed 42560K, reserved 1114112K
  class space    used 5591K, committed 5760K, reserved 1048576K
}
Event: 5.501 GC heap after
{Heap after GC invocations=11 (full 0):
 garbage-first heap   total 97280K, used 30069K [0x0000000080000000, 0x0000000100000000)
  region size 1024K, 2 young (2048K), 2 survivors (2048K)
 Metaspace       used 42187K, committed 42560K, reserved 1114112K
  class space    used 5591K, committed 5760K, reserved 1048576K
}
Event: 6.452 GC heap before
{Heap before GC invocations=11 (full 0):
 garbage-first heap   total 97280K, used 75125K [0x0000000080000000, 0x0000000100000000)
  region size 1024K, 44 young (45056K), 2 survivors (2048K)
 Metaspace       used 48034K, committed 48448K, reserved 1114112K
  class space    used 6446K, committed 6656K, reserved 1048576K
}
Event: 6.456 GC heap after
{Heap after GC invocations=12 (full 0):
 garbage-first heap   total 97280K, used 32696K [0x0000000080000000, 0x0000000100000000)
  region size 1024K, 5 young (5120K), 5 survivors (5120K)
 Metaspace       used 48034K, committed 48448K, reserved 1114112K
  class space    used 6446K, committed 6656K, reserved 1048576K
}
Event: 7.260 GC heap before
{Heap before GC invocations=12 (full 0):
 garbage-first heap   total 97280K, used 72632K [0x0000000080000000, 0x0000000100000000)
  region size 1024K, 45 young (46080K), 5 survivors (5120K)
 Metaspace       used 53071K, committed 53504K, reserved 1114112K
  class space    used 7243K, committed 7424K, reserved 1048576K
}
Event: 7.263 GC heap after
{Heap after GC invocations=13 (full 0):
 garbage-first heap   total 97280K, used 34996K [0x0000000080000000, 0x0000000100000000)
  region size 1024K, 6 young (6144K), 6 survivors (6144K)
 Metaspace       used 53071K, committed 53504K, reserved 1114112K
  class space    used 7243K, committed 7424K, reserved 1048576K
}

